TN:
SF:src/revista.ts
FN:29,(anonymous_0)
FN:33,(anonymous_1)
FN:42,(anonymous_2)
FN:44,(anonymous_3)
FN:49,(anonymous_4)
FN:50,(anonymous_5)
FN:53,(anonymous_6)
FN:59,(anonymous_7)
FNF:8
FNH:8
FNDA:2,(anonymous_0)
FNDA:5,(anonymous_1)
FNDA:2,(anonymous_2)
FNDA:4,(anonymous_3)
FNDA:4,(anonymous_4)
FNDA:6,(anonymous_5)
FNDA:4,(anonymous_6)
FNDA:6,(anonymous_7)
DA:1,1
DA:27,1
DA:29,2
DA:31,2
DA:34,5
DA:35,5
DA:36,5
DA:37,4
DA:38,4
DA:39,4
DA:43,2
DA:44,4
DA:45,2
DA:46,2
DA:50,6
DA:54,4
DA:55,4
DA:56,4
DA:60,6
DA:61,6
DA:70,1
DA:72,1
DA:73,1
DA:75,1
DA:76,1
DA:79,1
DA:83,1
DA:85,1
LF:28
LH:28
BRDA:36,0,0,1
BRDA:36,0,1,4
BRF:2
BRH:2
end_of_record
TN:
SF:src/suscriptor.ts
FN:9,(anonymous_0)
FN:11,(anonymous_1)
FNF:2
FNH:2
FNDA:4,(anonymous_0)
FNDA:6,(anonymous_1)
DA:1,1
DA:7,1
DA:9,4
DA:12,6
DA:13,6
LF:5
LH:5
BRDA:12,0,0,6
BRDA:12,0,1,0
BRF:2
BRH:1
end_of_record
